{"numTotalTestSuites":22,"numPassedTestSuites":22,"numFailedTestSuites":0,"numPendingTestSuites":0,"numTotalTests":25,"numPassedTests":7,"numFailedTests":18,"numPendingTests":0,"numTodoTests":0,"startTime":1767841472609,"success":false,"testResults":[{"assertionResults":[{"ancestorTitles":["","Build & Types (15 points)","Production Build (15 points)"],"fullName":" Build & Types (15 points) Production Build (15 points) should build the Next.js application successfully with TypeScript validation","status":"passed","title":"should build the Next.js application successfully with TypeScript validation","duration":6645,"failureMessages":[]},{"ancestorTitles":["","Build & Types (15 points)","Production Build (15 points)"],"fullName":" Build & Types (15 points) Production Build (15 points) should have a valid build output directory","status":"passed","title":"should have a valid build output directory","duration":0,"failureMessages":[]}],"startTime":1767841473223,"endTime":1767841479868,"status":"passed","message":"","name":"/Users/aidannguyen/Downloads/AbsurdLangChain/tests/assessment/build.test.ts"},{"assertionResults":[{"ancestorTitles":["","Core Requirements (35 points)","Locked State Removed (5 points)"],"fullName":" Core Requirements (35 points) Locked State Removed (5 points) should not contain the lock emoji in source code","status":"passed","title":"should not contain the lock emoji in source code","duration":1,"failureMessages":[]},{"ancestorTitles":["","Core Requirements (35 points)","Locked State Removed (5 points)"],"fullName":" Core Requirements (35 points) Locked State Removed (5 points) should not have \"Locked\" in the page title","status":"passed","title":"should not have \"Locked\" in the page title","duration":0,"failureMessages":[]},{"ancestorTitles":["","Core Requirements (35 points)","Locked State Removed (5 points)"],"fullName":" Core Requirements (35 points) Locked State Removed (5 points) should not display the locked placeholder message","status":"passed","title":"should not display the locked placeholder message","duration":0,"failureMessages":[]},{"ancestorTitles":["","Core Requirements (35 points)","Data Fetching Implemented (10 points)"],"fullName":" Core Requirements (35 points) Data Fetching Implemented (10 points) should use fetch, useEffect, useSWR, or similar for data fetching","status":"failed","title":"should use fetch, useEffect, useSWR, or similar for data fetching","duration":3,"failureMessages":["expected false to be true // Object.is equality"],"location":{"line":44,"column":37}},{"ancestorTitles":["","Core Requirements (35 points)","Data Fetching Implemented (10 points)"],"fullName":" Core Requirements (35 points) Data Fetching Implemented (10 points) should call the performance API endpoint","status":"failed","title":"should call the performance API endpoint","duration":0,"failureMessages":["expected false to be true // Object.is equality"],"location":{"line":49,"column":32}},{"ancestorTitles":["","Core Requirements (35 points)","Data Fetching Implemented (10 points)"],"fullName":" Core Requirements (35 points) Data Fetching Implemented (10 points) should handle the API response with state","status":"failed","title":"should handle the API response with state","duration":1,"failureMessages":["expected false to be true // Object.is equality"],"location":{"line":54,"column":40}},{"ancestorTitles":["","Core Requirements (35 points)","Metrics Display (10 points)"],"fullName":" Core Requirements (35 points) Metrics Display (10 points) should display viral_score","status":"failed","title":"should display viral_score","duration":0,"failureMessages":["expected false to be true // Object.is equality"],"location":{"line":61,"column":35}},{"ancestorTitles":["","Core Requirements (35 points)","Metrics Display (10 points)"],"fullName":" Core Requirements (35 points) Metrics Display (10 points) should display views metric","status":"failed","title":"should display views metric","duration":0,"failureMessages":["expected false to be true // Object.is equality"],"location":{"line":66,"column":30}},{"ancestorTitles":["","Core Requirements (35 points)","Metrics Display (10 points)"],"fullName":" Core Requirements (35 points) Metrics Display (10 points) should map over performance data to display items","status":"failed","title":"should map over performance data to display items","duration":0,"failureMessages":["expected false to be true // Object.is equality"],"location":{"line":71,"column":39}},{"ancestorTitles":["","Core Requirements (35 points)","High Performers Highlighted (10 points)"],"fullName":" Core Requirements (35 points) High Performers Highlighted (10 points) should have logic to identify high performers","status":"failed","title":"should have logic to identify high performers","duration":0,"failureMessages":["expected false to be true // Object.is equality"],"location":{"line":79,"column":43}},{"ancestorTitles":["","Core Requirements (35 points)","High Performers Highlighted (10 points)"],"fullName":" Core Requirements (35 points) High Performers Highlighted (10 points) should apply different styling for high performers","status":"failed","title":"should apply different styling for high performers","duration":1,"failureMessages":["expected false to be true // Object.is equality"],"location":{"line":85,"column":43}}],"startTime":1767841473222,"endTime":1767841473228,"status":"failed","message":"","name":"/Users/aidannguyen/Downloads/AbsurdLangChain/tests/assessment/completion.test.ts"},{"assertionResults":[{"ancestorTitles":["","Enhanced Features (25 points)","Sorting Functionality (5 points)"],"fullName":" Enhanced Features (25 points) Sorting Functionality (5 points) should implement sorting on the data","status":"failed","title":"should implement sorting on the data","duration":3,"failureMessages":["expected false to be true // Object.is equality"],"location":{"line":32,"column":36}},{"ancestorTitles":["","Enhanced Features (25 points)","Sorting Functionality (5 points)"],"fullName":" Enhanced Features (25 points) Sorting Functionality (5 points) should sort by viral_score or similar metric","status":"failed","title":"should sort by viral_score or similar metric","duration":0,"failureMessages":["expected false to be true // Object.is equality"],"location":{"line":38,"column":36}},{"ancestorTitles":["","Enhanced Features (25 points)","Loading State (5 points)"],"fullName":" Enhanced Features (25 points) Loading State (5 points) should have loading state management","status":"failed","title":"should have loading state management","duration":0,"failureMessages":["expected false to be true // Object.is equality"],"location":{"line":45,"column":37}},{"ancestorTitles":["","Enhanced Features (25 points)","Loading State (5 points)"],"fullName":" Enhanced Features (25 points) Loading State (5 points) should display a loading indicator","status":"failed","title":"should display a loading indicator","duration":1,"failureMessages":["expected false to be true // Object.is equality"],"location":{"line":50,"column":34}},{"ancestorTitles":["","Enhanced Features (25 points)","Error Handling (5 points)"],"fullName":" Enhanced Features (25 points) Error Handling (5 points) should have error state management","status":"failed","title":"should have error state management","duration":0,"failureMessages":["expected false to be true // Object.is equality"],"location":{"line":57,"column":35}},{"ancestorTitles":["","Enhanced Features (25 points)","Error Handling (5 points)"],"fullName":" Enhanced Features (25 points) Error Handling (5 points) should handle fetch errors with try-catch or .catch()","status":"failed","title":"should handle fetch errors with try-catch or .catch()","duration":0,"failureMessages":["expected false to be true // Object.is equality"],"location":{"line":62,"column":38}},{"ancestorTitles":["","Enhanced Features (25 points)","Gemini Integration (10 points)"],"fullName":" Enhanced Features (25 points) Gemini Integration (10 points) should call the generate-summary API","status":"failed","title":"should call the generate-summary API","duration":1,"failureMessages":["expected false to be true // Object.is equality"],"location":{"line":70,"column":35}},{"ancestorTitles":["","Enhanced Features (25 points)","Gemini Integration (10 points)"],"fullName":" Enhanced Features (25 points) Gemini Integration (10 points) should have a generate-summary API route","status":"failed","title":"should have a generate-summary API route","duration":0,"failureMessages":["expected false to be true // Object.is equality"],"location":{"line":74,"column":45}},{"ancestorTitles":["","Enhanced Features (25 points)","Gemini Integration (10 points)"],"fullName":" Enhanced Features (25 points) Gemini Integration (10 points) should display AI-generated summaries","status":"failed","title":"should display AI-generated summaries","duration":0,"failureMessages":["expected false to be true // Object.is equality"],"location":{"line":80,"column":39}}],"startTime":1767841473219,"endTime":1767841473225,"status":"failed","message":"","name":"/Users/aidannguyen/Downloads/AbsurdLangChain/tests/assessment/enhanced.test.ts"},{"assertionResults":[{"ancestorTitles":["","Sabotage Detection","SQL Index Check (-10 penalty if missing)"],"fullName":" Sabotage Detection SQL Index Check (-10 penalty if missing) should have CREATE INDEX in migration files","status":"passed","title":"should have CREATE INDEX in migration files","duration":1,"failureMessages":[]}],"startTime":1767841473222,"endTime":1767841473223,"status":"passed","message":"","name":"/Users/aidannguyen/Downloads/AbsurdLangChain/tests/assessment/sabotage.test.ts"},{"assertionResults":[{"ancestorTitles":["","Type Safety Quality (-5 penalty if violated)","TypeScript Strict Configuration"],"fullName":" Type Safety Quality (-5 penalty if violated) TypeScript Strict Configuration should have strict mode or noImplicitAny enabled","status":"passed","title":"should have strict mode or noImplicitAny enabled","duration":0,"failureMessages":[]},{"ancestorTitles":["","Type Safety Quality (-5 penalty if violated)","Minimal Any Type Usage"],"fullName":" Type Safety Quality (-5 penalty if violated) Minimal Any Type Usage should have minimal explicit any types in insights implementation","status":"failed","title":"should have minimal explicit any types in insights implementation","duration":2,"failureMessages":["Excessive 'any' type usage detected (5 instances). This bypasses TypeScript's type safety. Details: page.tsx: 4 instance(s), route.ts: 1 instance(s). Limit: 3 instances across all files."],"location":{"line":76,"column":23}}],"startTime":1767841473219,"endTime":1767841473221,"status":"failed","message":"","name":"/Users/aidannguyen/Downloads/AbsurdLangChain/tests/assessment/type-safety.test.ts"}]}